[debug] [2024-04-28T01:47:14.638Z] ----------------------------------------------------------------------
[debug] [2024-04-28T01:47:14.641Z] Command:       C:\Program Files\nodejs\node.exe C:\Users\Usuario\AstroProjects\landing\node_modules\firebase-tools\lib\bin\firebase.js init hosting
[debug] [2024-04-28T01:47:14.641Z] CLI Version:   13.7.5
[debug] [2024-04-28T01:47:14.641Z] Platform:      win32
[debug] [2024-04-28T01:47:14.641Z] Node Version:  v20.12.1
[debug] [2024-04-28T01:47:14.641Z] Time:          Sat Apr 27 2024 22:47:14 GMT-0300 (hora est치ndar de Argentina)
[debug] [2024-04-28T01:47:14.642Z] ----------------------------------------------------------------------
[debug] 
[debug] [2024-04-28T01:47:14.651Z] > command requires scopes: ["email","openid","https://www.googleapis.com/auth/cloudplatformprojects.readonly","https://www.googleapis.com/auth/firebase","https://www.googleapis.com/auth/cloud-platform"]
[debug] [2024-04-28T01:47:14.652Z] > authorizing via signed-in user (vlnrtta@gmail.com)
[info] 
     ######## #### ########  ######## ########     ###     ######  ########
     ##        ##  ##     ## ##       ##     ##  ##   ##  ##       ##
     ######    ##  ########  ######   ########  #########  ######  ######
     ##        ##  ##    ##  ##       ##     ## ##     ##       ## ##
     ##       #### ##     ## ######## ########  ##     ##  ######  ########

You're about to initialize a Firebase project in this directory:

  C:\Users\Usuario\AstroProjects\landing

[info] 
=== Project Setup
[info] 
[info] First, let's associate this project directory with a Firebase project.
[info] You can create multiple project aliases by running firebase use --add, 
[info] but for now we'll just set up a default project.
[info] 
[info] i  If you want to create a project in a Google Cloud organization or folder, please use "firebase projects:create" instead, and return to this command when you've created the project. 
[debug] [2024-04-28T01:47:54.759Z] >>> [apiv2][query] POST https://cloudresourcemanager.googleapis.com/v1/projects [none]
[debug] [2024-04-28T01:47:54.760Z] >>> [apiv2][body] POST https://cloudresourcemanager.googleapis.com/v1/projects {"projectId":"landingAmicos","name":"amicosPage"}
[debug] [2024-04-28T01:47:55.980Z] <<< [apiv2][status] POST https://cloudresourcemanager.googleapis.com/v1/projects 400
[debug] [2024-04-28T01:47:55.980Z] <<< [apiv2][body] POST https://cloudresourcemanager.googleapis.com/v1/projects {"error":{"code":400,"message":"field [project_id] has issue [project_id contains invalid characters]","status":"INVALID_ARGUMENT","details":[{"@type":"type.googleapis.com/google.rpc.BadRequest","fieldViolations":[{"field":"project_id","description":"project_id contains invalid characters"}]},{"@type":"type.googleapis.com/google.rpc.Help","links":[{"url":"https://cloud.google.com/resource-manager/reference/rest/v1/projects"}]}]}}
[debug] [2024-04-28T01:47:56.296Z] FirebaseError: HTTP Error: 400, field [project_id] has issue [project_id contains invalid characters]
    at responseToError (C:\Users\Usuario\AstroProjects\landing\node_modules\firebase-tools\lib\responseToError.js:49:12)
    at RetryOperation._fn (C:\Users\Usuario\AstroProjects\landing\node_modules\firebase-tools\lib\apiv2.js:299:77)
    at process.processTicksAndRejections (node:internal/process/task_queues:95:5)
[error] 
[error] Error: Failed to create project. See firebase-debug.log for more info.
[debug] [2024-04-28T01:48:07.181Z] ----------------------------------------------------------------------
[debug] [2024-04-28T01:48:07.183Z] Command:       C:\Program Files\nodejs\node.exe C:\Users\Usuario\AstroProjects\landing\node_modules\firebase-tools\lib\bin\firebase.js init hosting
[debug] [2024-04-28T01:48:07.184Z] CLI Version:   13.7.5
[debug] [2024-04-28T01:48:07.184Z] Platform:      win32
[debug] [2024-04-28T01:48:07.184Z] Node Version:  v20.12.1
[debug] [2024-04-28T01:48:07.184Z] Time:          Sat Apr 27 2024 22:48:07 GMT-0300 (hora est치ndar de Argentina)
[debug] [2024-04-28T01:48:07.185Z] ----------------------------------------------------------------------
[debug] 
[debug] [2024-04-28T01:48:07.194Z] > command requires scopes: ["email","openid","https://www.googleapis.com/auth/cloudplatformprojects.readonly","https://www.googleapis.com/auth/firebase","https://www.googleapis.com/auth/cloud-platform"]
[debug] [2024-04-28T01:48:07.194Z] > authorizing via signed-in user (vlnrtta@gmail.com)
[info] 
     ######## #### ########  ######## ########     ###     ######  ########
     ##        ##  ##     ## ##       ##     ##  ##   ##  ##       ##
     ######    ##  ########  ######   ########  #########  ######  ######
     ##        ##  ##    ##  ##       ##     ## ##     ##       ## ##
     ##       #### ##     ## ######## ########  ##     ##  ######  ########

You're about to initialize a Firebase project in this directory:

  C:\Users\Usuario\AstroProjects\landing

[info] 
=== Project Setup
[info] 
[info] First, let's associate this project directory with a Firebase project.
[info] You can create multiple project aliases by running firebase use --add, 
[info] but for now we'll just set up a default project.
[info] 
[debug] [2024-04-28T01:48:10.878Z] >>> [apiv2][query] GET https://firebase.googleapis.com/v1beta1/projects pageSize=100
[debug] [2024-04-28T01:48:18.005Z] <<< [apiv2][status] GET https://firebase.googleapis.com/v1beta1/projects 200
[debug] [2024-04-28T01:48:18.005Z] <<< [apiv2][body] GET https://firebase.googleapis.com/v1beta1/projects [omitted]
[debug] [2024-04-28T01:48:28.837Z] ----------------------------------------------------------------------
[debug] [2024-04-28T01:48:28.840Z] Command:       C:\Program Files\nodejs\node.exe C:\Users\Usuario\AstroProjects\landing\node_modules\firebase-tools\lib\bin\firebase.js init hosting
[debug] [2024-04-28T01:48:28.840Z] CLI Version:   13.7.5
[debug] [2024-04-28T01:48:28.840Z] Platform:      win32
[debug] [2024-04-28T01:48:28.840Z] Node Version:  v20.12.1
[debug] [2024-04-28T01:48:28.841Z] Time:          Sat Apr 27 2024 22:48:28 GMT-0300 (hora est치ndar de Argentina)
[debug] [2024-04-28T01:48:28.841Z] ----------------------------------------------------------------------
[debug] 
[debug] [2024-04-28T01:48:28.850Z] > command requires scopes: ["email","openid","https://www.googleapis.com/auth/cloudplatformprojects.readonly","https://www.googleapis.com/auth/firebase","https://www.googleapis.com/auth/cloud-platform"]
[debug] [2024-04-28T01:48:28.851Z] > authorizing via signed-in user (vlnrtta@gmail.com)
[info] 
     ######## #### ########  ######## ########     ###     ######  ########
     ##        ##  ##     ## ##       ##     ##  ##   ##  ##       ##
     ######    ##  ########  ######   ########  #########  ######  ######
     ##        ##  ##    ##  ##       ##     ## ##     ##       ## ##
     ##       #### ##     ## ######## ########  ##     ##  ######  ########

You're about to initialize a Firebase project in this directory:

  C:\Users\Usuario\AstroProjects\landing

[info] 
=== Project Setup
[info] 
[info] First, let's associate this project directory with a Firebase project.
[info] You can create multiple project aliases by running firebase use --add, 
[info] but for now we'll just set up a default project.
[info] 
[info] i  If you want to create a project in a Google Cloud organization or folder, please use "firebase projects:create" instead, and return to this command when you've created the project. 
[debug] [2024-04-28T01:49:03.857Z] >>> [apiv2][query] POST https://cloudresourcemanager.googleapis.com/v1/projects [none]
[debug] [2024-04-28T01:49:03.858Z] >>> [apiv2][body] POST https://cloudresourcemanager.googleapis.com/v1/projects {"projectId":"mis-proyectos","name":"amicosss"}
[debug] [2024-04-28T01:49:05.322Z] <<< [apiv2][status] POST https://cloudresourcemanager.googleapis.com/v1/projects 409
[debug] [2024-04-28T01:49:05.322Z] <<< [apiv2][body] POST https://cloudresourcemanager.googleapis.com/v1/projects {"error":{"code":409,"message":"Requested entity already exists","status":"ALREADY_EXISTS"}}
[debug] [2024-04-28T01:49:05.658Z] FirebaseError: HTTP Error: 409, Requested entity already exists
    at responseToError (C:\Users\Usuario\AstroProjects\landing\node_modules\firebase-tools\lib\responseToError.js:49:12)
    at RetryOperation._fn (C:\Users\Usuario\AstroProjects\landing\node_modules\firebase-tools\lib\apiv2.js:299:77)
    at process.processTicksAndRejections (node:internal/process/task_queues:95:5)
[error] 
[error] Error: Failed to create project because there is already a project with ID mis-proyectos. Please try again with a unique project ID.
[debug] [2024-04-28T01:49:20.362Z] ----------------------------------------------------------------------
[debug] [2024-04-28T01:49:20.364Z] Command:       C:\Program Files\nodejs\node.exe C:\Users\Usuario\AstroProjects\landing\node_modules\firebase-tools\lib\bin\firebase.js init hosting
[debug] [2024-04-28T01:49:20.365Z] CLI Version:   13.7.5
[debug] [2024-04-28T01:49:20.365Z] Platform:      win32
[debug] [2024-04-28T01:49:20.365Z] Node Version:  v20.12.1
[debug] [2024-04-28T01:49:20.365Z] Time:          Sat Apr 27 2024 22:49:20 GMT-0300 (hora est치ndar de Argentina)
[debug] [2024-04-28T01:49:20.365Z] ----------------------------------------------------------------------
[debug] 
[debug] [2024-04-28T01:49:20.375Z] > command requires scopes: ["email","openid","https://www.googleapis.com/auth/cloudplatformprojects.readonly","https://www.googleapis.com/auth/firebase","https://www.googleapis.com/auth/cloud-platform"]
[debug] [2024-04-28T01:49:20.375Z] > authorizing via signed-in user (vlnrtta@gmail.com)
[info] 
     ######## #### ########  ######## ########     ###     ######  ########
     ##        ##  ##     ## ##       ##     ##  ##   ##  ##       ##
     ######    ##  ########  ######   ########  #########  ######  ######
     ##        ##  ##    ##  ##       ##     ## ##     ##       ## ##
     ##       #### ##     ## ######## ########  ##     ##  ######  ########

You're about to initialize a Firebase project in this directory:

  C:\Users\Usuario\AstroProjects\landing

[info] 
=== Project Setup
[info] 
[info] First, let's associate this project directory with a Firebase project.
[info] You can create multiple project aliases by running firebase use --add, 
[info] but for now we'll just set up a default project.
[info] 
[info] i  If you want to create a project in a Google Cloud organization or folder, please use "firebase projects:create" instead, and return to this command when you've created the project. 
[debug] [2024-04-28T01:49:35.260Z] >>> [apiv2][query] POST https://cloudresourcemanager.googleapis.com/v1/projects [none]
[debug] [2024-04-28T01:49:35.261Z] >>> [apiv2][body] POST https://cloudresourcemanager.googleapis.com/v1/projects {"projectId":"vlnrtta","name":"amicosvlnrtta"}
[debug] [2024-04-28T01:49:38.368Z] <<< [apiv2][status] POST https://cloudresourcemanager.googleapis.com/v1/projects 200
[debug] [2024-04-28T01:49:38.368Z] <<< [apiv2][body] POST https://cloudresourcemanager.googleapis.com/v1/projects {"name":"operations/cp.9219733306020399061"}
[debug] [2024-04-28T01:49:38.369Z] >>> [apiv2][query] GET https://cloudresourcemanager.googleapis.com/v1/operations/cp.9219733306020399061 [none]
[debug] [2024-04-28T01:49:39.442Z] <<< [apiv2][status] GET https://cloudresourcemanager.googleapis.com/v1/operations/cp.9219733306020399061 200
[debug] [2024-04-28T01:49:39.442Z] <<< [apiv2][body] GET https://cloudresourcemanager.googleapis.com/v1/operations/cp.9219733306020399061 {"name":"operations/cp.9219733306020399061"}
[debug] [2024-04-28T01:49:39.942Z] [Project Creation Poller] Retrying task index 0
[debug] [2024-04-28T01:49:39.943Z] >>> [apiv2][query] GET https://cloudresourcemanager.googleapis.com/v1/operations/cp.9219733306020399061 [none]
[debug] [2024-04-28T01:49:40.422Z] <<< [apiv2][status] GET https://cloudresourcemanager.googleapis.com/v1/operations/cp.9219733306020399061 200
[debug] [2024-04-28T01:49:40.422Z] <<< [apiv2][body] GET https://cloudresourcemanager.googleapis.com/v1/operations/cp.9219733306020399061 {"name":"operations/cp.9219733306020399061","metadata":{"@type":"type.googleapis.com/google.cloudresourcemanager.v1.ProjectCreationStatus","gettable":true}}
[debug] [2024-04-28T01:49:41.436Z] [Project Creation Poller] Retrying task index 0
[debug] [2024-04-28T01:49:41.438Z] >>> [apiv2][query] GET https://cloudresourcemanager.googleapis.com/v1/operations/cp.9219733306020399061 [none]
[debug] [2024-04-28T01:49:41.872Z] <<< [apiv2][status] GET https://cloudresourcemanager.googleapis.com/v1/operations/cp.9219733306020399061 200
[debug] [2024-04-28T01:49:41.873Z] <<< [apiv2][body] GET https://cloudresourcemanager.googleapis.com/v1/operations/cp.9219733306020399061 {"name":"operations/cp.9219733306020399061","metadata":{"@type":"type.googleapis.com/google.cloudresourcemanager.v1.ProjectCreationStatus","gettable":true}}
[debug] [2024-04-28T01:49:43.876Z] [Project Creation Poller] Retrying task index 0
[debug] [2024-04-28T01:49:43.877Z] >>> [apiv2][query] GET https://cloudresourcemanager.googleapis.com/v1/operations/cp.9219733306020399061 [none]
[debug] [2024-04-28T01:49:44.298Z] <<< [apiv2][status] GET https://cloudresourcemanager.googleapis.com/v1/operations/cp.9219733306020399061 200
[debug] [2024-04-28T01:49:44.298Z] <<< [apiv2][body] GET https://cloudresourcemanager.googleapis.com/v1/operations/cp.9219733306020399061 {"name":"operations/cp.9219733306020399061","metadata":{"@type":"type.googleapis.com/google.cloudresourcemanager.v1.ProjectCreationStatus","gettable":true,"ready":true},"done":true,"response":{"@type":"type.googleapis.com/google.cloudresourcemanager.v1.Project","projectNumber":"250844598520","projectId":"vlnrtta","lifecycleState":"ACTIVE","name":"amicosvlnrtta","createTime":"2024-04-28T01:49:39.106571Z"}}
[debug] [2024-04-28T01:49:44.299Z] >>> [apiv2][query] POST https://firebase.googleapis.com/v1beta1/projects/vlnrtta:addFirebase [none]
[debug] [2024-04-28T01:49:48.522Z] <<< [apiv2][status] POST https://firebase.googleapis.com/v1beta1/projects/vlnrtta:addFirebase 200
[debug] [2024-04-28T01:49:48.523Z] <<< [apiv2][body] POST https://firebase.googleapis.com/v1beta1/projects/vlnrtta:addFirebase {"name":"operations/workflows/M2E3Nzc4OGEtNzg3YS00OTFiLTgyYjktNDU3ZmE3MjQzNDVi"}
[debug] [2024-04-28T01:49:48.524Z] >>> [apiv2][query] GET https://firebase.googleapis.com/v1beta1/operations/workflows/M2E3Nzc4OGEtNzg3YS00OTFiLTgyYjktNDU3ZmE3MjQzNDVi [none]
[debug] [2024-04-28T01:49:52.570Z] <<< [apiv2][status] GET https://firebase.googleapis.com/v1beta1/operations/workflows/M2E3Nzc4OGEtNzg3YS00OTFiLTgyYjktNDU3ZmE3MjQzNDVi 200
[debug] [2024-04-28T01:49:52.570Z] <<< [apiv2][body] GET https://firebase.googleapis.com/v1beta1/operations/workflows/M2E3Nzc4OGEtNzg3YS00OTFiLTgyYjktNDU3ZmE3MjQzNDVi {"name":"operations/workflows/M2E3Nzc4OGEtNzg3YS00OTFiLTgyYjktNDU3ZmE3MjQzNDVi"}
[debug] [2024-04-28T01:49:53.078Z] [Add Firebase Poller] Retrying task index 0
[debug] [2024-04-28T01:49:53.079Z] >>> [apiv2][query] GET https://firebase.googleapis.com/v1beta1/operations/workflows/M2E3Nzc4OGEtNzg3YS00OTFiLTgyYjktNDU3ZmE3MjQzNDVi [none]
[debug] [2024-04-28T01:49:54.273Z] <<< [apiv2][status] GET https://firebase.googleapis.com/v1beta1/operations/workflows/M2E3Nzc4OGEtNzg3YS00OTFiLTgyYjktNDU3ZmE3MjQzNDVi 200
[debug] [2024-04-28T01:49:54.273Z] <<< [apiv2][body] GET https://firebase.googleapis.com/v1beta1/operations/workflows/M2E3Nzc4OGEtNzg3YS00OTFiLTgyYjktNDU3ZmE3MjQzNDVi {"name":"operations/workflows/M2E3Nzc4OGEtNzg3YS00OTFiLTgyYjktNDU3ZmE3MjQzNDVi"}
[debug] [2024-04-28T01:49:55.280Z] [Add Firebase Poller] Retrying task index 0
[debug] [2024-04-28T01:49:55.282Z] >>> [apiv2][query] GET https://firebase.googleapis.com/v1beta1/operations/workflows/M2E3Nzc4OGEtNzg3YS00OTFiLTgyYjktNDU3ZmE3MjQzNDVi [none]
[debug] [2024-04-28T01:49:55.906Z] <<< [apiv2][status] GET https://firebase.googleapis.com/v1beta1/operations/workflows/M2E3Nzc4OGEtNzg3YS00OTFiLTgyYjktNDU3ZmE3MjQzNDVi 200
[debug] [2024-04-28T01:49:55.906Z] <<< [apiv2][body] GET https://firebase.googleapis.com/v1beta1/operations/workflows/M2E3Nzc4OGEtNzg3YS00OTFiLTgyYjktNDU3ZmE3MjQzNDVi {"name":"operations/workflows/M2E3Nzc4OGEtNzg3YS00OTFiLTgyYjktNDU3ZmE3MjQzNDVi"}
[debug] [2024-04-28T01:49:57.913Z] [Add Firebase Poller] Retrying task index 0
[debug] [2024-04-28T01:49:57.914Z] >>> [apiv2][query] GET https://firebase.googleapis.com/v1beta1/operations/workflows/M2E3Nzc4OGEtNzg3YS00OTFiLTgyYjktNDU3ZmE3MjQzNDVi [none]
[debug] [2024-04-28T01:49:58.601Z] <<< [apiv2][status] GET https://firebase.googleapis.com/v1beta1/operations/workflows/M2E3Nzc4OGEtNzg3YS00OTFiLTgyYjktNDU3ZmE3MjQzNDVi 200
[debug] [2024-04-28T01:49:58.601Z] <<< [apiv2][body] GET https://firebase.googleapis.com/v1beta1/operations/workflows/M2E3Nzc4OGEtNzg3YS00OTFiLTgyYjktNDU3ZmE3MjQzNDVi {"name":"operations/workflows/M2E3Nzc4OGEtNzg3YS00OTFiLTgyYjktNDU3ZmE3MjQzNDVi"}
[debug] [2024-04-28T01:50:02.610Z] [Add Firebase Poller] Retrying task index 0
[debug] [2024-04-28T01:50:02.611Z] >>> [apiv2][query] GET https://firebase.googleapis.com/v1beta1/operations/workflows/M2E3Nzc4OGEtNzg3YS00OTFiLTgyYjktNDU3ZmE3MjQzNDVi [none]
[debug] [2024-04-28T01:50:03.804Z] <<< [apiv2][status] GET https://firebase.googleapis.com/v1beta1/operations/workflows/M2E3Nzc4OGEtNzg3YS00OTFiLTgyYjktNDU3ZmE3MjQzNDVi 200
[debug] [2024-04-28T01:50:03.804Z] <<< [apiv2][body] GET https://firebase.googleapis.com/v1beta1/operations/workflows/M2E3Nzc4OGEtNzg3YS00OTFiLTgyYjktNDU3ZmE3MjQzNDVi {"name":"operations/workflows/M2E3Nzc4OGEtNzg3YS00OTFiLTgyYjktNDU3ZmE3MjQzNDVi","done":true,"response":{"@type":"type.googleapis.com/google.firebase.service.v1beta1.FirebaseProject","projectId":"vlnrtta","projectNumber":"250844598520","displayName":"amicosvlnrtta","name":"projects/vlnrtta","resources":{"hostingSite":"vlnrtta"}}}
[info] 
[info] === Your Firebase project is ready! ===
[info] 
[info] Project information:
[info]    - Project ID: vlnrtta
[info]    - Project Name: amicosvlnrtta
[info] 
[info] Firebase console is available at
[info] https://console.firebase.google.com/project/vlnrtta/overview
[info] i  Using project vlnrtta (amicosvlnrtta) 
[info] 
=== Hosting Setup
[debug] [2024-04-28T01:50:03.813Z] >>> [apiv2][query] GET https://firebase.googleapis.com/v1beta1/projects/vlnrtta [none]
[debug] [2024-04-28T01:50:04.380Z] <<< [apiv2][status] GET https://firebase.googleapis.com/v1beta1/projects/vlnrtta 200
[debug] [2024-04-28T01:50:04.380Z] <<< [apiv2][body] GET https://firebase.googleapis.com/v1beta1/projects/vlnrtta {"projectId":"vlnrtta","projectNumber":"250844598520","displayName":"amicosvlnrtta","name":"projects/vlnrtta","resources":{"hostingSite":"vlnrtta"},"state":"ACTIVE","etag":"1_638abdd2-08f6-4b8b-ac9d-2178e9201d66"}
[info] 
[info] Your public directory is the folder (relative to your project directory) that
[info] will contain Hosting assets to be uploaded with firebase deploy. If you
[info] have a build process for your assets, use your build's output directory.
[info] 
